{"D:\\angular\\aaa\\frontend_store\\src\\store\\Slices\\counter\\counterSlice.ts": {"path":"D:\\angular\\aaa\\frontend_store\\src\\store\\Slices\\counter\\counterSlice.ts","statementMap":{"0":{"start":{"line":1,"column":0},"end":{"line":1,"column":46}},"1":{"start":{"line":9,"column":35},"end":{"line":11,"column":null}},"2":{"start":{"line":13,"column":13},"end":{"line":26,"column":null}},"3":{"start":{"line":22,"column":6},"end":{"line":22,"column":null}},"4":{"start":{"line":29,"column":15},"end":{"line":29,"column":null}},"5":{"start":{"line":30,"column":27},"end":{"line":30,"column":68}},"6":{"start":{"line":30,"column":49},"end":{"line":30,"column":68}},"7":{"start":{"line":30,"column":13},"end":{"line":30,"column":27}}},"fnMap":{"0":{"name":"(anonymous_0)","decl":{"start":{"line":17,"column":15},"end":{"line":17,"column":20}},"loc":{"start":{"line":17,"column":23},"end":{"line":23,"column":5}}},"1":{"name":"(anonymous_1)","decl":{"start":{"line":30,"column":27},"end":{"line":30,"column":28}},"loc":{"start":{"line":30,"column":49},"end":{"line":30,"column":68}}}},"branchMap":{},"s":{"0":1,"1":1,"2":1,"3":1,"4":1,"5":1,"6":0,"7":1},"f":{"0":1,"1":0},"b":{}}
}
